<?xml version="1.0" encoding="UTF-8"?>
<testng-results ignored="0" total="1" passed="1" failed="0" skipped="0">
  <reporter-output>
  </reporter-output>
  <suite started-at="2021-12-09T16:10:18 IST" name="Default suite" finished-at="2021-12-09T16:10:18 IST" duration-ms="83">
    <groups>
    </groups>
    <test started-at="2021-12-09T16:10:18 IST" name="Default test" finished-at="2021-12-09T16:10:18 IST" duration-ms="83">
      <class name="com.crm.SDET25.DemoForGithub.DemoForGithub2">
        <test-method signature="demo()[pri:0, instance:com.crm.SDET25.DemoForGithub.DemoForGithub2@4cc8eb05]" started-at="2021-12-09T16:10:18 IST" name="demo" finished-at="2021-12-09T16:10:18 IST" duration-ms="14" status="PASS">
          <reporter-output>
          </reporter-output>
        </test-method> <!-- demo -->
      </class> <!-- com.crm.SDET25.DemoForGithub.DemoForGithub2 -->
    </test> <!-- Default test -->
  </suite> <!-- Default suite -->
</testng-results>
